2022-06-29 12:16:20 error: [POST] /api/clients/createClient >> StatusCode:: 500, Message:: E11000 duplicate key error collection: sac.clientes index: email_1 dup key: { email: null }
2022-06-29 12:18:27 error: [POST] /api/clients/createClient >> StatusCode:: 500, Message:: E11000 duplicate key error collection: sac.clientes index: email_1 dup key: { email: null }
2022-06-29 12:20:00 error: [POST] /api/clients/createClient >> StatusCode:: 500, Message:: E11000 duplicate key error collection: sac.clientes index: email_1 dup key: { email: "" }
2022-06-29 14:05:46 error: uncaughtException: тип Unable to compile TypeScript:
src/controllers/client.controller.ts(53,31): error TS1005: ',' expected.

TSError: тип Unable to compile TypeScript:
src/controllers/client.controller.ts(53,31): error TS1005: ',' expected.

    at createTSError (C:\Users\gorel\Documents\Tesso\Sigma\Sigma-App\server\node_modules\ts-node\src\index.ts:750:12)
    at reportTSError (C:\Users\gorel\Documents\Tesso\Sigma\Sigma-App\server\node_modules\ts-node\src\index.ts:754:19)
    at C:\Users\gorel\Documents\Tesso\Sigma\Sigma-App\server\node_modules\ts-node\src\index.ts:1216:34
    at Object.compile (C:\Users\gorel\Documents\Tesso\Sigma\Sigma-App\server\node_modules\ts-node\src\index.ts:1243:30)
    at Module.m._compile (C:\Users\gorel\Documents\Tesso\Sigma\Sigma-App\server\node_modules\ts-node\src\index.ts:1370:30)
    at Module._extensions..js (internal/modules/cjs/loader.js:1114:10)
    at Object.require.extensions.<computed> [as .ts] (C:\Users\gorel\Documents\Tesso\Sigma\Sigma-App\server\node_modules\ts-node\src\index.ts:1374:12)
    at Module.load (internal/modules/cjs/loader.js:950:32)
    at Function.Module._load (internal/modules/cjs/loader.js:790:12)
    at Module.require (internal/modules/cjs/loader.js:974:19)
    at require (internal/modules/cjs/helpers.js:93:18)
    at Object.<anonymous> (C:\Users\gorel\Documents\Tesso\Sigma\Sigma-App\server\src\routes\client.route.ts:2:1)
    at Module._compile (internal/modules/cjs/loader.js:1085:14)
    at Module.m._compile (C:\Users\gorel\Documents\Tesso\Sigma\Sigma-App\server\node_modules\ts-node\src\index.ts:1371:23)
    at Module._extensions..js (internal/modules/cjs/loader.js:1114:10)
    at Object.require.extensions.<computed> [as .ts] (C:\Users\gorel\Documents\Tesso\Sigma\Sigma-App\server\node_modules\ts-node\src\index.ts:1374:12)
2022-06-29 14:39:46 error: [POST] /api/auth/login >> StatusCode:: 409, Message:: Email vemdedor@test.cl no encontrado
