2024-08-08 09:52:49 error: [POST] /api/login >> StatusCode:: 500, Message:: Cannot read properties of null (reading '_id')
2024-08-08 09:52:51 error: [POST] /api/login >> StatusCode:: 500, Message:: Cannot read properties of null (reading '_id')
2024-08-08 09:52:54 error: [POST] /api/login >> StatusCode:: 500, Message:: Cannot read properties of null (reading '_id')
2024-08-08 09:53:08 error: [POST] /api/login >> StatusCode:: 500, Message:: Cannot read properties of null (reading '_id')
2024-08-08 09:53:12 error: [POST] /api/login >> StatusCode:: 500, Message:: Cannot read properties of null (reading '_id')
2024-08-08 09:53:30 error: [POST] /api/login >> StatusCode:: 500, Message:: Cannot read properties of null (reading '_id')
2024-08-08 09:53:45 error: [POST] /api/login >> StatusCode:: 500, Message:: Cannot read properties of null (reading '_id')
2024-08-08 09:54:44 error: [POST] /api/login >> StatusCode:: 500, Message:: Cannot read properties of null (reading '_id')
2024-08-08 09:56:24 error: [POST] /api/login >> StatusCode:: 500, Message:: Cannot read properties of null (reading '_id')
2024-08-08 18:27:50 error: uncaughtException: No "exports" main defined in C:\Users\gorel\Documents\Projects\k-chat-pdf\server\node_modules\file-type\package.json
Error [ERR_PACKAGE_PATH_NOT_EXPORTED]: No "exports" main defined in C:\Users\gorel\Documents\Projects\k-chat-pdf\server\node_modules\file-type\package.json
    at new NodeError (node:internal/errors:405:5)
    at exportsNotFound (node:internal/modules/esm/resolve:366:10)
    at packageExportsResolve (node:internal/modules/esm/resolve:656:13)
    at resolveExports (node:internal/modules/cjs/loader:590:36)
    at Function.Module._findPath (node:internal/modules/cjs/loader:664:31)
    at Function.Module._resolveFilename (node:internal/modules/cjs/loader:1126:27)
    at Function.Module._resolveFilename.sharedData.moduleResolveFilenameHook.installedValue (C:\Users\gorel\Documents\Projects\k-chat-pdf\server\node_modules\@cspotcode\source-map-support\source-map-support.js:679:30)
    at Function.Module._resolveFilename (C:\Users\gorel\Documents\Projects\k-chat-pdf\server\node_modules\tsconfig-paths\lib\register.js:75:40)
    at Function.Module._load (node:internal/modules/cjs/loader:981:27)
    at Module.require (node:internal/modules/cjs/loader:1231:19)
    at require (node:internal/modules/helpers:177:18)
    at Object.<anonymous> (C:\Users\gorel\Documents\Projects\k-chat-pdf\server\src\routes\ia.route.ts:5:1)
    at Module._compile (node:internal/modules/cjs/loader:1364:14)
    at Module.m._compile (C:\Users\gorel\Documents\Projects\k-chat-pdf\server\node_modules\ts-node\src\index.ts:1371:23)
    at Module._extensions..js (node:internal/modules/cjs/loader:1422:10)
    at Object.require.extensions.<computed> [as .ts] (C:\Users\gorel\Documents\Projects\k-chat-pdf\server\node_modules\ts-node\src\index.ts:1374:12)
2024-08-08 18:28:25 error: uncaughtException: No "exports" main defined in C:\Users\gorel\Documents\Projects\k-chat-pdf\server\node_modules\file-type\package.json
Error [ERR_PACKAGE_PATH_NOT_EXPORTED]: No "exports" main defined in C:\Users\gorel\Documents\Projects\k-chat-pdf\server\node_modules\file-type\package.json
    at new NodeError (node:internal/errors:405:5)
    at exportsNotFound (node:internal/modules/esm/resolve:366:10)
    at packageExportsResolve (node:internal/modules/esm/resolve:656:13)
    at resolveExports (node:internal/modules/cjs/loader:590:36)
    at Function.Module._findPath (node:internal/modules/cjs/loader:664:31)
    at Function.Module._resolveFilename (node:internal/modules/cjs/loader:1126:27)
    at Function.Module._resolveFilename.sharedData.moduleResolveFilenameHook.installedValue (C:\Users\gorel\Documents\Projects\k-chat-pdf\server\node_modules\@cspotcode\source-map-support\source-map-support.js:679:30)
    at Function.Module._resolveFilename (C:\Users\gorel\Documents\Projects\k-chat-pdf\server\node_modules\tsconfig-paths\lib\register.js:75:40)
    at Function.Module._load (node:internal/modules/cjs/loader:981:27)
    at Module.require (node:internal/modules/cjs/loader:1231:19)
    at require (node:internal/modules/helpers:177:18)
    at Object.<anonymous> (C:\Users\gorel\Documents\Projects\k-chat-pdf\server\src\routes\ia.route.ts:5:1)
    at Module._compile (node:internal/modules/cjs/loader:1364:14)
    at Module.m._compile (C:\Users\gorel\Documents\Projects\k-chat-pdf\server\node_modules\ts-node\src\index.ts:1371:23)
    at Module._extensions..js (node:internal/modules/cjs/loader:1422:10)
    at Object.require.extensions.<computed> [as .ts] (C:\Users\gorel\Documents\Projects\k-chat-pdf\server\node_modules\ts-node\src\index.ts:1374:12)
2024-08-08 18:29:48 error: uncaughtException: No "exports" main defined in C:\Users\gorel\Documents\Projects\k-chat-pdf\server\node_modules\file-type\package.json
Error [ERR_PACKAGE_PATH_NOT_EXPORTED]: No "exports" main defined in C:\Users\gorel\Documents\Projects\k-chat-pdf\server\node_modules\file-type\package.json
    at new NodeError (node:internal/errors:405:5)
    at exportsNotFound (node:internal/modules/esm/resolve:366:10)
    at packageExportsResolve (node:internal/modules/esm/resolve:656:13)
    at resolveExports (node:internal/modules/cjs/loader:590:36)
    at Function.Module._findPath (node:internal/modules/cjs/loader:664:31)
    at Function.Module._resolveFilename (node:internal/modules/cjs/loader:1126:27)
    at Function.Module._resolveFilename.sharedData.moduleResolveFilenameHook.installedValue (C:\Users\gorel\Documents\Projects\k-chat-pdf\server\node_modules\@cspotcode\source-map-support\source-map-support.js:679:30)
    at Function.Module._resolveFilename (C:\Users\gorel\Documents\Projects\k-chat-pdf\server\node_modules\tsconfig-paths\lib\register.js:75:40)
    at Function.Module._load (node:internal/modules/cjs/loader:981:27)
    at Module.require (node:internal/modules/cjs/loader:1231:19)
    at require (node:internal/modules/helpers:177:18)
    at Object.<anonymous> (C:\Users\gorel\Documents\Projects\k-chat-pdf\server\src\routes\ia.route.ts:5:1)
    at Module._compile (node:internal/modules/cjs/loader:1364:14)
    at Module.m._compile (C:\Users\gorel\Documents\Projects\k-chat-pdf\server\node_modules\ts-node\src\index.ts:1371:23)
    at Module._extensions..js (node:internal/modules/cjs/loader:1422:10)
    at Object.require.extensions.<computed> [as .ts] (C:\Users\gorel\Documents\Projects\k-chat-pdf\server\node_modules\ts-node\src\index.ts:1374:12)
2024-08-08 18:36:46 error: uncaughtException: No "exports" main defined in C:\Users\gorel\Documents\Projects\k-chat-pdf\server\node_modules\file-type\package.json
Error [ERR_PACKAGE_PATH_NOT_EXPORTED]: No "exports" main defined in C:\Users\gorel\Documents\Projects\k-chat-pdf\server\node_modules\file-type\package.json
    at new NodeError (node:internal/errors:405:5)
    at exportsNotFound (node:internal/modules/esm/resolve:366:10)
    at packageExportsResolve (node:internal/modules/esm/resolve:656:13)
    at resolveExports (node:internal/modules/cjs/loader:590:36)
    at Function.Module._findPath (node:internal/modules/cjs/loader:664:31)
    at Function.Module._resolveFilename (node:internal/modules/cjs/loader:1126:27)
    at Function.Module._resolveFilename.sharedData.moduleResolveFilenameHook.installedValue (C:\Users\gorel\Documents\Projects\k-chat-pdf\server\node_modules\@cspotcode\source-map-support\source-map-support.js:679:30)
    at Function.Module._resolveFilename (C:\Users\gorel\Documents\Projects\k-chat-pdf\server\node_modules\tsconfig-paths\lib\register.js:75:40)
    at Function.Module._load (node:internal/modules/cjs/loader:981:27)
    at Module.require (node:internal/modules/cjs/loader:1231:19)
    at require (node:internal/modules/helpers:177:18)
    at Object.<anonymous> (C:\Users\gorel\Documents\Projects\k-chat-pdf\server\src\routes\ia.route.ts:5:1)
    at Module._compile (node:internal/modules/cjs/loader:1364:14)
    at Module.m._compile (C:\Users\gorel\Documents\Projects\k-chat-pdf\server\node_modules\ts-node\src\index.ts:1371:23)
    at Module._extensions..js (node:internal/modules/cjs/loader:1422:10)
    at Object.require.extensions.<computed> [as .ts] (C:\Users\gorel\Documents\Projects\k-chat-pdf\server\node_modules\ts-node\src\index.ts:1374:12)
2024-08-08 18:39:39 error: uncaughtException: The first argument must be of type string or an instance of Buffer, ArrayBuffer, or Array or an Array-like Object. Received undefined
TypeError [ERR_INVALID_ARG_TYPE]: The first argument must be of type string or an instance of Buffer, ArrayBuffer, or Array or an Array-like Object. Received undefined
    at new NodeError (node:internal/errors:405:5)
    at Function.from (node:buffer:325:9)
    at Function.fromBuffer (C:\Users\gorel\Documents\Projects\k-chat-pdf\server\node_modules\detect-file-type\lib\index.js:106:54)
    at C:\Users\gorel\Documents\Projects\k-chat-pdf\server\src\routes\ia.route.ts:39:12
    at Layer.handle [as handle_request] (C:\Users\gorel\Documents\Projects\k-chat-pdf\server\node_modules\express\lib\router\layer.js:95:5)
    at next (C:\Users\gorel\Documents\Projects\k-chat-pdf\server\node_modules\express\lib\router\route.js:137:13)
    at Route.dispatch (C:\Users\gorel\Documents\Projects\k-chat-pdf\server\node_modules\express\lib\router\route.js:112:3)
    at Layer.handle [as handle_request] (C:\Users\gorel\Documents\Projects\k-chat-pdf\server\node_modules\express\lib\router\layer.js:95:5)
    at C:\Users\gorel\Documents\Projects\k-chat-pdf\server\node_modules\express\lib\router\index.js:281:22
    at Function.process_params (C:\Users\gorel\Documents\Projects\k-chat-pdf\server\node_modules\express\lib\router\index.js:335:12)
    at next (C:\Users\gorel\Documents\Projects\k-chat-pdf\server\node_modules\express\lib\router\index.js:275:10)
    at Function.handle (C:\Users\gorel\Documents\Projects\k-chat-pdf\server\node_modules\express\lib\router\index.js:174:3)
    at router (C:\Users\gorel\Documents\Projects\k-chat-pdf\server\node_modules\express\lib\router\index.js:47:12)
    at Layer.handle [as handle_request] (C:\Users\gorel\Documents\Projects\k-chat-pdf\server\node_modules\express\lib\router\layer.js:95:5)
    at trim_prefix (C:\Users\gorel\Documents\Projects\k-chat-pdf\server\node_modules\express\lib\router\index.js:317:13)
    at C:\Users\gorel\Documents\Projects\k-chat-pdf\server\node_modules\express\lib\router\index.js:284:7
